<?xml version="1.0" encoding="UTF-8"?>
<!-- Generated by org.testng.reporters.JUnitReportReporter -->
<testsuite hostname="DESKTOP-QCC9OFR" failures="0" tests="1" name="tests.Add_And_Remove_Product_From_Wishlist" time="13.922" errors="0" timestamp="2024-01-17T13:54:12 IST" skipped="0">
  <testcase classname="tests.Add_And_Remove_Product_From_Wishlist" name="addAndRemoveProductFromWishlist" time="13.922"/>
  <system-out/>
</testsuite> <!-- tests.Add_And_Remove_Product_From_Wishlist -->
