<?xml version="1.0" encoding="UTF-8"?>
<!-- Generated by org.testng.reporters.JUnitReportReporter -->
<testsuite hostname="DESKTOP-QCC9OFR" failures="0" tests="1" name="tests.SearchAnd_AddingProductToCart" time="21.246" errors="0" timestamp="2024-01-17T13:54:12 IST" skipped="0">
  <testcase classname="tests.SearchAnd_AddingProductToCart" name="searchAndAddingProductToTheCart" time="21.246"/>
  <system-out/>
</testsuite> <!-- tests.SearchAnd_AddingProductToCart -->
